<?xml version="1.0" encoding="UTF-8"?>
<!-- Generated by org.testng.reporters.JUnitReportReporter -->
<testsuite hostname="LAPTOP-GFT8MLJQ" failures="0" tests="4" name="vTiger.Practice.CreateMultipleContactsWithLeadSource" time="95.858" errors="0" timestamp="2023-06-07T11:46:31 IST" skipped="0">
  <testcase classname="vTiger.Practice.CreateMultipleContactsWithLeadSource" name="createContactTest" time="24.284"/>
  <system-out/>
  <testcase classname="vTiger.Practice.CreateMultipleContactsWithLeadSource" name="createContactTest" time="24.236"/>
  <system-out/>
  <testcase classname="vTiger.Practice.CreateMultipleContactsWithLeadSource" name="createContactTest" time="23.581"/>
  <system-out/>
  <testcase classname="vTiger.Practice.CreateMultipleContactsWithLeadSource" name="createContactTest" time="23.757"/>
  <system-out/>
</testsuite> <!-- vTiger.Practice.CreateMultipleContactsWithLeadSource -->
