<?xml version="1.0" encoding="UTF-8"?>
<!-- Generated by org.testng.reporters.JUnitReportReporter -->
<testsuite hostname="LAPTOP-GFT8MLJQ" failures="0" tests="1" name="vTiger.OrganizationsTests.CreateOrganizationWithIndudtryTest" time="44.445" errors="0" timestamp="2023-06-21T17:03:00 IST" skipped="0">
  <testcase classname="vTiger.OrganizationsTests.CreateOrganizationWithIndudtryTest" name="createOrgWithIndsTest" time="44.445"/>
  <system-out>
    <![CDATA[Clicked on Organization link
Click on Create Org Looj Up Image
Organization Created with industry]]>
  </system-out>
</testsuite> <!-- vTiger.OrganizationsTests.CreateOrganizationWithIndudtryTest -->
