<?xml version="1.0" encoding="UTF-8"?>
<!-- Generated by org.testng.reporters.JUnitReportReporter -->
<testsuite hostname="LAPTOP-GFT8MLJQ" failures="0" tests="1" name="vTiger.Practice.DebuggingPractice" time="0.011" errors="0" timestamp="2023-05-27T11:55:07 IST" skipped="0">
  <testcase classname="vTiger.Practice.DebuggingPractice" name="test" time="0.011"/>
  <system-out/>
</testsuite> <!-- vTiger.Practice.DebuggingPractice -->
