<?xml version="1.0" encoding="UTF-8"?>
<!-- Generated by org.testng.reporters.JUnitReportReporter -->
<testsuite hostname="LAPTOP-GFT8MLJQ" failures="0" tests="2" name="vTiger.Practice.TestNGPractice" time="0.008" errors="0" timestamp="2023-05-26T20:31:11 IST" skipped="1">
  <testcase classname="vTiger.Practice.TestNGPractice" name="delete" time="0.008"/>
  <system-out/>
  <testcase classname="vTiger.Practice.TestNGPractice" name="Modify">
    <skipped/>
  </testcase> <!-- Modify -->
  <system-out/>
</testsuite> <!-- vTiger.Practice.TestNGPractice -->
