<?xml version="1.0" encoding="UTF-8"?>
<!-- Generated by org.testng.reporters.JUnitReportReporter -->
<testsuite hostname="LAPTOP-GFT8MLJQ" failures="0" tests="5" name="vTiger.Practice.DataProviderPractice" time="0.008" errors="0" timestamp="2023-05-29T20:13:01 IST" skipped="0">
  <testcase classname="vTiger.Practice.DataProviderPractice" name="sampleDataTest" time="0.000"/>
  <system-out/>
  <testcase classname="vTiger.Practice.DataProviderPractice" name="sampleDataTest" time="0.000"/>
  <system-out/>
  <testcase classname="vTiger.Practice.DataProviderPractice" name="sampleDataTest" time="0.000"/>
  <system-out/>
  <testcase classname="vTiger.Practice.DataProviderPractice" name="sampleDataTest" time="0.000"/>
  <system-out/>
  <testcase classname="vTiger.Practice.DataProviderPractice" name="sampleDataTest" time="0.008"/>
  <system-out/>
</testsuite> <!-- vTiger.Practice.DataProviderPractice -->
